<body>
<head>
<link rel="stylesheet" href="style.css">
</head>
<body>
<table>
<tr><td>179624</td><td>SyntaxError: invalid syntax</td></tr>
<tr><td>97186</td><td>NameError: name '' is not defined</td></tr>
<tr><td>76026</td><td>EOFError: EOF when reading a line</td></tr>
<tr><td>26097</td><td>SyntaxError: unexpected EOF while parsing</td></tr>
<tr><td>20758</td><td>IndentationError: unindent does not match any outer indentation level</td></tr>
<tr><td>16673</td><td>SyntaxError: EOL while scanning string literal</td></tr>
<tr><td>16166</td><td>IndentationError: unexpected indent</td></tr>
<tr><td>13599</td><td>TabError: inconsistent use of tabs and spaces in indentation</td></tr>
<tr><td>11788</td><td>IndentationError: expected an indented block</td></tr>
<tr><td>11592</td><td>ValueError: invalid literal for func() with base #: ''</td></tr>
<tr><td>10327</td><td>TypeError: '' object is not iterable</td></tr>
<tr><td>9762</td><td>TypeError: '' object is not callable</td></tr>
<tr><td>9656</td><td>TypeError: can't multiply sequence by non-int of type ''</td></tr>
<tr><td>8851</td><td>TypeError: unsupported operand type(s) for +: '' and ''</td></tr>
<tr><td>8073</td><td>NameError: global name '' is not defined</td></tr>
<tr><td>6843</td><td>TypeError: unsupported operand type(s) for -: '' and ''</td></tr>
<tr><td>6707</td><td>IndexError: string index out of range</td></tr>
<tr><td>6326</td><td>SyntaxError: unexpected character after line continuation character</td></tr>
<tr><td>6005</td><td>TypeError: Can't convert '' object to str implicitly</td></tr>
<tr><td>5874</td><td>TypeError: unsupported operand type(s) for //: '' and ''</td></tr>
<tr><td>5627</td><td>AttributeError: '' object has no attribute ''</td></tr>
<tr><td>5584</td><td>TypeError: '' object is not subscriptable</td></tr>
<tr><td>5553</td><td>TypeError: string indices must be integers</td></tr>
<tr><td>5030</td><td>IndexError: list index out of range</td></tr>
<tr><td>4005</td><td>SyntaxError: can't assign to function call</td></tr>
<tr><td>3360</td><td>UnboundLocalError: local variable '' referenced before assignment</td></tr>
<tr><td>3277</td><td>SyntaxError: can't assign to operator</td></tr>
<tr><td>2712</td><td>ValueError: could not convert string to float: ''</td></tr>
<tr><td>2656</td><td>TypeError: unorderable types: func() &gt; func()</td></tr>
<tr><td>2643</td><td>TypeError: not all arguments converted during string formatting</td></tr>
<tr><td>2633</td><td>TypeError: object of type '' has no func()</td></tr>
<tr><td>2455</td><td>TypeError: '' object cannot be interpreted as an integer</td></tr>
<tr><td>2266</td><td>TypeError: list indices must be integers, not &lt;TYPE&gt;</td></tr>
<tr><td>2208</td><td>TypeError: an integer is required</td></tr>
<tr><td>2080</td><td>TypeError: unsupported operand type(s) for /: '' and ''</td></tr>
<tr><td>2026</td><td>TypeError: func() expected string of length #, but &lt;TYPE&gt; found</td></tr>
<tr><td>2025</td><td>RuntimeError: maximum recursion depth exceeded while calling a Python object</td></tr>
<tr><td>1995</td><td>TypeError: unsupported operand type(s) for ** or func(): '' and ''</td></tr>
<tr><td>1734</td><td>IndexError: list assignment index out of range</td></tr>
<tr><td>1702</td><td>TypeError: slice indices must be integers or None or have an __index__ method</td></tr>
<tr><td>1658</td><td>TypeError: unsupported operand type(s) for *: '' and ''</td></tr>
<tr><td>1475</td><td>SyntaxError: break outside loop</td></tr>
<tr><td>1453</td><td>TypeError: func() expected a character, but string of length # found</td></tr>
<tr><td>1431</td><td>SyntaxError: return outside function</td></tr>
<tr><td>1345</td><td>SyntaxError: can't assign to literal</td></tr>
<tr><td>1330</td><td>TypeError: unorderable types: func() &lt; func()</td></tr>
<tr><td>1209</td><td>ValueError: ? is not in list</td></tr>
<tr><td>1133</td><td>TypeError: func() argument must be a string or a number, not ''</td></tr>
<tr><td>1090</td><td>TypeError: can only concatenate list (not "") to list</td></tr>
<tr><td>1070</td><td>TypeError: '' object does not support item assignment</td></tr>
<tr><td>1062</td><td>ValueError: math domain error</td></tr>
<tr><td>923</td><td>SyntaxError: invalid token</td></tr>
<tr><td>912</td><td>TypeError: func() takes exactly # arguments (# given)</td></tr>
<tr><td>867</td><td>RuntimeError: maximum recursion depth exceeded in comparison</td></tr>
<tr><td>832</td><td>TypeError: '' is an invalid keyword argument for this function</td></tr>
<tr><td>806</td><td>TypeError: unorderable types: func() &gt;= func()</td></tr>
<tr><td>784</td><td>SyntaxError: invalid character in identifier</td></tr>
<tr><td>749</td><td>TypeError: func() missing # required positional arguments: ''</td></tr>
<tr><td>721</td><td>MemoryError</td></tr>
<tr><td>648</td><td>TypeError: bad operand type for unary +: ''</td></tr>
<tr><td>634</td><td>ZeroDivisionError: integer division or modulo by zero</td></tr>
<tr><td>585</td><td>SyntaxError: continue not properly in loop</td></tr>
<tr><td>480</td><td>TypeError: unsupported operand type(s) for ^: '' and ''</td></tr>
<tr><td>426</td><td>TypeError: func() takes at least # arguments (# given)</td></tr>
<tr><td>403</td><td>TypeError: bad operand type for unary -: ''</td></tr>
<tr><td>394</td><td>SyntaxError: keyword can't be an expression</td></tr>
<tr><td>373</td><td>RuntimeError: maximum recursion depth exceeded</td></tr>
<tr><td>360</td><td>TypeError: descriptor '' requires a '' object but received a ''</td></tr>
<tr><td>353</td><td>TypeError: func() takes no arguments (# given)</td></tr>
<tr><td>346</td><td>ValueError: list.remove(x): x not in list</td></tr>
<tr><td>344</td><td>ZeroDivisionError: division by zero</td></tr>
<tr><td>335</td><td>TypeError: a float is required</td></tr>
<tr><td>323</td><td>TypeError: func() argument must be a string or a number</td></tr>
<tr><td>310</td><td>SyntaxError: can use starred expression only as assignment target</td></tr>
<tr><td>284</td><td>TypeError: unorderable types: func() &lt;= func()</td></tr>
<tr><td>271</td><td>PermissionError: [Errno #] Permission denied: ''</td></tr>
<tr><td>261</td><td>TypeError: func() takes # positional arguments but # were given</td></tr>
<tr><td>248</td><td>TypeError: can only concatenate tuple (not "") to tuple</td></tr>
<tr><td>224</td><td>TypeError: argument of type '' is not iterable</td></tr>
<tr><td>210</td><td>ImportError: No module named ''</td></tr>
<tr><td>203</td><td>TypeError: unsupported operand type(s) for %: '' and ''</td></tr>
<tr><td>189</td><td>SyntaxError: non-keyword arg after keyword arg</td></tr>
<tr><td>185</td><td>TypeError: func() argument after * must be a sequence, not &lt;TYPE&gt;</td></tr>
<tr><td>185</td><td>TypeError: unsupported operand type(s) for +=: '' and ''</td></tr>
<tr><td>178</td><td>TypeError: func() takes no keyword arguments</td></tr>
<tr><td>173</td><td>SyntaxError: EOF while scanning triple-quoted string literal</td></tr>
<tr><td>170</td><td>ValueError: substring not found</td></tr>
<tr><td>168</td><td>TypeError: func() expected # arguments, got #</td></tr>
<tr><td>144</td><td>ZeroDivisionError: float division by zero</td></tr>
<tr><td>130</td><td>AttributeError: type object '' has no attribute ''</td></tr>
<tr><td>125</td><td>IndexError: pop index out of range</td></tr>
<tr><td>117</td><td>TypeError: func() takes at most # arguments (# given)</td></tr>
<tr><td>114</td><td>ValueError: func() arg is an empty sequence</td></tr>
<tr><td>107</td><td>TypeError: func() expected at most # arguments, got #</td></tr>
<tr><td>101</td><td>ValueError: func() arg not in range(Ox#)</td></tr>
<tr><td>92</td><td>TypeError: unsupported operand type(s) for &amp;: '' and ''</td></tr>
<tr><td>89</td><td>IndexError: tuple index out of range</td></tr>
<tr><td>87</td><td>TypeError: func() can't convert non-string with explicit base</td></tr>
<tr><td>86</td><td>SyntaxWarning: name '' is assigned to before global declaration</td></tr>
<tr><td>84</td><td>BlockingIOError: [Errno #] Resource temporarily unavailable</td></tr>
<tr><td>84</td><td>FileNotFoundError: [Errno #] No such file or directory: ''</td></tr>
<tr><td>79</td><td>ValueError: could not convert string to float:</td></tr>
<tr><td>76</td><td>TypeError: descriptor '' of '' object needs an argument</td></tr>
<tr><td>68</td><td>ValueError: too many values to unpack (expected #)</td></tr>
<tr><td>60</td><td>TypeError: '' requires string as left operand, not &lt;TYPE&gt;</td></tr>
<tr><td>56</td><td>SyntaxError: can't delete function call</td></tr>
<tr><td>55</td><td>SyntaxError: name '' is parameter and global</td></tr>
<tr><td>52</td><td>TypeError: integer argument expected, got float</td></tr>
<tr><td>51</td><td>TypeError: func() first arg must be str or a tuple of str, not &lt;TYPE&gt;</td></tr>
<tr><td>51</td><td>TypeError: int object argument after * must be a sequence, not &lt;TYPE&gt;</td></tr>
<tr><td>50</td><td>TypeError: func() argument # must be str, not &lt;TYPE&gt;</td></tr>
<tr><td>48</td><td>ValueError: empty separator</td></tr>
<tr><td>47</td><td>SyntaxError: can't assign to comparison</td></tr>
<tr><td>46</td><td>TypeError: func() arg # must be a type or tuple of types</td></tr>
<tr><td>44</td><td>ValueError: slice step cannot be zero</td></tr>
<tr><td>43</td><td>AttributeError: '' object attribute '' is read-only</td></tr>
<tr><td>43</td><td>KeyError: ?</td></tr>
<tr><td>43</td><td>TypeError: '' object doesn't support item deletion</td></tr>
<tr><td>39</td><td>ImportError: No module named ''; math is not a package</td></tr>
<tr><td>38</td><td>OverflowError: (#, 'Numerical result out of range')</td></tr>
<tr><td>38</td><td>PermissionError: [Errno #] Operation not permitted</td></tr>
<tr><td>38</td><td>ValueError: not allowed to raise maximum limit</td></tr>
<tr><td>36</td><td>ValueError: need more than # value to unpack</td></tr>
<tr><td>36</td><td>socket.gaierror: [Errno -#] Name or service not known</td></tr>
<tr><td>35</td><td>TypeError: func() takes # or # arguments</td></tr>
<tr><td>34</td><td>ValueError: func() arg # must be &gt;= # and &lt;= #</td></tr>
<tr><td>33</td><td>TypeError: '' object does not support item deletion</td></tr>
<tr><td>32</td><td>TypeError: decoding str is not supported</td></tr>
<tr><td>32</td><td>UnicodeEncodeError: '' codec can't encode character '' in position #: surrogates not allowed</td></tr>
<tr><td>30</td><td>TypeError: source code string cannot contain null bytes</td></tr>
<tr><td>26</td><td>TypeError: func() got an unexpected keyword argument</td></tr>
<tr><td>25</td><td>SyntaxError: assignment to keyword</td></tr>
<tr><td>24</td><td>TypeError: func() does not take keyword arguments</td></tr>
<tr><td>24</td><td>TypeError: sequence item #: expected str instance, &lt;TYPE&gt; found</td></tr>
<tr><td>23</td><td>SyntaxError: only named arguments may follow *expression</td></tr>
<tr><td>23</td><td>ValueError: attempt to assign sequence of size # to extended slice of size #</td></tr>
<tr><td>21</td><td>TypeError: bad operand type for func(): ''</td></tr>
<tr><td>20</td><td>SyntaxError: duplicate argument '' in function definition</td></tr>
<tr><td>18</td><td>TypeError: (Raised by CS Circles) func() can only be applied to numbers</td></tr>
<tr><td>18</td><td>TypeError: not enough arguments for format string</td></tr>
<tr><td>18</td><td>TypeError: unsupported operand type(s) for |: '' and ''</td></tr>
<tr><td>18</td><td>ValueError: func() arg # must not be zero</td></tr>
<tr><td>18</td><td>ValueError: need more than # values to unpack</td></tr>
<tr><td>18</td><td>ZeroDivisionError: float modulo</td></tr>
<tr><td>17</td><td>TypeError: func() expected at least # arguments, got #</td></tr>
<tr><td>16</td><td>TypeError: unhashable type: ''</td></tr>
<tr><td>16</td><td>TypeError: unsupported operand type(s) for -=: '' and ''</td></tr>
<tr><td>15</td><td>TypeError: must assign iterable to extended slice</td></tr>
<tr><td>14</td><td>TypeError: Required argument '' (pos #) not found</td></tr>
<tr><td>13</td><td>StderrExample</td></tr>
<tr><td>13</td><td>SyntaxError: keyword argument repeated</td></tr>
<tr><td>13</td><td>TypeError: can only assign an iterable</td></tr>
<tr><td>13</td><td>TypeError: must use keyword argument for key function</td></tr>
<tr><td>12</td><td>TypeError: '' object does not support indexing</td></tr>
<tr><td>12</td><td>TypeError: func() arg must be None or str</td></tr>
<tr><td>12</td><td>ValueError: unsupported format character '' () at index #</td></tr>
<tr><td>11</td><td>ImportError: cannot import name ?</td></tr>
<tr><td>11</td><td>IndexError: range object index out of range</td></tr>
<tr><td>11</td><td>SyntaxError: (unicode error) '' codec can't decode bytes in position #-#: truncated \\xXX escape</td></tr>
<tr><td>11</td><td>SyntaxError: can't delete literal</td></tr>
<tr><td>11</td><td>TypeError: coercing to str: need bytes, bytearray or buffer-like object, &lt;TYPE&gt; found</td></tr>
<tr><td>11</td><td>ZeroDivisionError: float func()</td></tr>
<tr><td>10</td><td>NotADirectoryError: [Errno #] Not a directory: ''</td></tr>
<tr><td>10</td><td>SyntaxError: illegal expression for augmented assignment</td></tr>
<tr><td>10</td><td>SyntaxError: yield outside function</td></tr>
<tr><td>10</td><td>TypeError: %d format: a number is required, not &lt;TYPE&gt;</td></tr>
<tr><td>10</td><td>TypeError: __str__ returned non-string (type &lt;TYPE&gt;)</td></tr>
<tr><td>10</td><td>TypeError: end must be None or a string, not &lt;TYPE&gt;</td></tr>
<tr><td>10</td><td>TypeError: func() arg # must be a string, bytes or code object</td></tr>
<tr><td>10</td><td>TypeError: type &lt;TYPE&gt; doesn't define ? method</td></tr>
<tr><td>9</td><td>TypeError: can't set attributes of built-in/extension type ''</td></tr>
<tr><td>9</td><td>TypeError: string argument expected, got ''</td></tr>
<tr><td>9</td><td>ZeroDivisionError: #.# cannot be raised to a negative power</td></tr>
<tr><td>8</td><td>AssertionError</td></tr>
<tr><td>8</td><td>SyntaxError: (unicode error) '' codec can't decode bytes in position #-#: truncated \\uXXXX escape</td></tr>
<tr><td>8</td><td>SyntaxWarning: name '' is used prior to global declaration</td></tr>
<tr><td>7</td><td>AttributeError: __exit__</td></tr>
<tr><td>7</td><td>SyntaxError: can't assign to conditional expression</td></tr>
<tr><td>7</td><td>TypeError: (Raised by CS Circles) func() can only be applied to non-negative integers</td></tr>
<tr><td>7</td><td>TypeError: NoneType object argument after * must be a sequence, not &lt;TYPE&gt;</td></tr>
<tr><td>7</td><td>TypeError: float object argument after * must be a sequence, not &lt;TYPE&gt;</td></tr>
<tr><td>7</td><td>TypeError: unsupported operand type(s) for &lt;&lt;: '' and ''</td></tr>
<tr><td>6</td><td>OSError: [Errno #] File too large</td></tr>
<tr><td>6</td><td>SyntaxError: starred assignment target must be in a list or tuple</td></tr>
<tr><td>6</td><td>TypeError: str object argument after * must be a sequence, not &lt;TYPE&gt;</td></tr>
<tr><td>6</td><td>ValueError: Unknown format code '' for object of type ''</td></tr>
<tr><td>5</td><td>PermissionError: [Errno #] Permission denied</td></tr>
<tr><td>5</td><td>TypeError: The fill character cannot be converted to Unicode</td></tr>
<tr><td>5</td><td>TypeError: expected # arguments, got #</td></tr>
<tr><td>5</td><td>TypeError: type object argument after * must be a sequence, not &lt;TYPE&gt;</td></tr>
<tr><td>5</td><td>ValueError: incomplete format</td></tr>
<tr><td>5</td><td>socket.gaierror: [Errno -#] No address associated with hostname</td></tr>
<tr><td>4</td><td>IndexError: pop from empty list</td></tr>
<tr><td>4</td><td>OverflowError: long int too large to convert to float</td></tr>
<tr><td>4</td><td>RuntimeError: maximum recursion depth exceeded while getting the repr of a list</td></tr>
<tr><td>4</td><td>SyntaxError: (unicode error) '' codec can't decode bytes in position #-#: end of string in escape sequence</td></tr>
<tr><td>4</td><td>SyntaxError: can't assign to ()</td></tr>
<tr><td>4</td><td>TypeError</td></tr>
<tr><td>4</td><td>TypeError: can't convert complex to float</td></tr>
<tr><td>4</td><td>TypeError: can't take floor of complex number.</td></tr>
<tr><td>4</td><td>TypeError: must be bytes, not &lt;TYPE&gt;</td></tr>
<tr><td>4</td><td>TypeError: unsupported operand type(s) for &gt;&gt;: '' and ''</td></tr>
<tr><td>4</td><td>TypeError: unsupported operand type(s) for func(): '' and ''</td></tr>
<tr><td>4</td><td>ValueError: Invalid format specifier</td></tr>
<tr><td>4</td><td>ValueError: tuple.index(x): x not in tuple</td></tr>
<tr><td>3</td><td>IndentationError: unexpected unindent</td></tr>
<tr><td>3</td><td>IsADirectoryError: [Errno #] Is a directory: ''</td></tr>
<tr><td>3</td><td>OSError: [Errno #] Function not implemented</td></tr>
<tr><td>3</td><td>OverflowError: signed integer is greater than maximum</td></tr>
<tr><td>3</td><td>SyntaxError: (unicode error) '' codec can't decode bytes in position #-#: truncated \\UXXXXXXXX escape</td></tr>
<tr><td>3</td><td>SyntaxError: Generator expression must be parenthesized if not sole argument</td></tr>
<tr><td>3</td><td>SyntaxError: can't delete ()</td></tr>
<tr><td>3</td><td>SyntaxError: cannot mix bytes and nonbytes literals</td></tr>
<tr><td>3</td><td>TypeError: %i format: a number is required, not &lt;TYPE&gt;</td></tr>
<tr><td>3</td><td>TypeError: '' does not support the buffer interface</td></tr>
<tr><td>3</td><td>TypeError: '' object is not an iterator</td></tr>
<tr><td>3</td><td>TypeError: The fill character must be exactly one character long</td></tr>
<tr><td>3</td><td>TypeError: can't convert complex to int</td></tr>
<tr><td>3</td><td>TypeError: format requires a mapping</td></tr>
<tr><td>3</td><td>TypeError: func() argument after ** must be a mapping, not &lt;TYPE&gt;</td></tr>
<tr><td>3</td><td>TypeError: func() got an unexpected keyword argument ''</td></tr>
<tr><td>3</td><td>TypeError: sep must be None or a string, not &lt;TYPE&gt;</td></tr>
<tr><td>3</td><td>ValueError: could not convert string to float: ""</td></tr>
<tr><td>3</td><td>__main__.BailOut</td></tr>
<tr><td>2</td><td>NameError: free variable '' referenced before assignment in enclosing scope</td></tr>
<tr><td>2</td><td>OverflowError: cannot fit '' into an index-sized integer</td></tr>
<tr><td>2</td><td>OverflowError: math range error</td></tr>
<tr><td>2</td><td>RuntimeError: can't start new thread</td></tr>
<tr><td>2</td><td>RuntimeError: maximum recursion depth exceeded while getting the repr of a tuple</td></tr>
<tr><td>2</td><td>StopIteration</td></tr>
<tr><td>2</td><td>SyntaxError: (unicode error) '' codec can't decode bytes in position #-#: malformed \\N character escape</td></tr>
<tr><td>2</td><td>SyntaxError: (unicode error) '' codec can't decode bytes in position #-#: unknown Unicode character name</td></tr>
<tr><td>2</td><td>SyntaxError: no binding for nonlocal '' found</td></tr>
<tr><td>2</td><td>TypeError: bad operand type for unary ~: ''</td></tr>
<tr><td>2</td><td>TypeError: func() can't sum strings [use ''.join(seq) instead]</td></tr>
<tr><td>2</td><td>TypeError: object does not provide __dir__</td></tr>
<tr><td>2</td><td>TypeError: tuple indices must be integers, not &lt;TYPE&gt;</td></tr>
<tr><td>2</td><td>UnicodeEncodeError: '' codec can't encode characters in position #-#: ordinal not in range(#)</td></tr>
<tr><td>2</td><td>ValueError: Unknown conversion specifier b</td></tr>
<tr><td>2</td><td>ValueError: func() only accepts integral values</td></tr>
<tr><td>2</td><td>urllib.error.URLError: &lt;urlopen error [Errno -#] Name or service not known&gt;</td></tr>
<tr><td>1</td><td>AssertionError: You are mathing wrong</td></tr>
<tr><td>1</td><td>FAILED (errors=#)</td></tr>
<tr><td>1</td><td>FileNotFoundError: [Errno #] No such file or directory</td></tr>
<tr><td>1</td><td>ImportError: No module named ''; datetime is not a package</td></tr>
<tr><td>1</td><td>ImportError: No module named ''; random is not a package</td></tr>
<tr><td>1</td><td>OSError: [Errno #] Address already in use</td></tr>
<tr><td>1</td><td>OSError: out of pty devices</td></tr>
<tr><td>1</td><td>ProcessLookupError: [Errno #] No such process</td></tr>
<tr><td>1</td><td>RuntimeError: dictionary changed size during iteration</td></tr>
<tr><td>1</td><td>SyntaxError: can't assign to Ellipsis</td></tr>
<tr><td>1</td><td>SyntaxError: can't delete operator</td></tr>
<tr><td>1</td><td>SyntaxError: from __future__ imports must occur at the beginning of the file</td></tr>
<tr><td>1</td><td>TypeError: Input must be an integer.</td></tr>
<tr><td>1</td><td>TypeError: Tuple or struct_time argument required</td></tr>
<tr><td>1</td><td>TypeError: argument # must have a "" method</td></tr>
<tr><td>1</td><td>TypeError: argument to func() must be a sequence</td></tr>
<tr><td>1</td><td>TypeError: array item must be unicode character</td></tr>
<tr><td>1</td><td>TypeError: bytes expected instead of str instance</td></tr>
<tr><td>1</td><td>TypeError: cannot convert dictionary update sequence element ## to a sequence</td></tr>
<tr><td>1</td><td>TypeError: expected string or buffer</td></tr>
<tr><td>1</td><td>TypeError: func() argument # must be tuple, not &lt;TYPE&gt;</td></tr>
<tr><td>1</td><td>TypeError: func() must have at least two arguments.</td></tr>
<tr><td>1</td><td>TypeError: must be a unicode character, not &lt;TYPE&gt;</td></tr>
<tr><td>1</td><td>TypeError: must be str, not &lt;TYPE&gt;</td></tr>
<tr><td>1</td><td>TypeError: range indices must be integers or slices, not &lt;TYPE&gt;</td></tr>
<tr><td>1</td><td>TypeError: str object argument after ** must be a mapping, not &lt;TYPE&gt;</td></tr>
<tr><td>1</td><td>TypeError: string argument without an encoding</td></tr>
<tr><td>1</td><td>TypeError: unsupported operand type(s) for *=: '' and ''</td></tr>
<tr><td>1</td><td>TypeError: unsupported type for timedelta days component: str</td></tr>
<tr><td>1</td><td>TypeError: zip argument ## must support iteration</td></tr>
<tr><td>1</td><td>UnicodeDecodeError: '' codec can't decode byte Ox# in position #: invalid start byte</td></tr>
<tr><td>1</td><td>ValueError: Format specifier missing precision</td></tr>
<tr><td>1</td><td>ValueError: Nothing to see here!</td></tr>
<tr><td>1</td><td>ValueError: Precision not allowed in integer format specifier</td></tr>
<tr><td>1</td><td>ValueError: Sign not allowed in string format specifier</td></tr>
<tr><td>1</td><td>ValueError: Single '' encountered in format string</td></tr>
<tr><td>1</td><td>ValueError: dictionary update sequence element ## has length #; # is required</td></tr>
<tr><td>1</td><td>ValueError: empty range for func() (#,#, -#)</td></tr>
<tr><td>1</td><td>ValueError: func() not defined for negative values</td></tr>
<tr><td>1</td><td>ValueError: unmatched '' in format</td></tr>
<tr><td>1</td><td>mainfile: error: must provide name of pdb file</td></tr>
<tr><td>1</td><td>sre_constants.error: redefinition of group name '' as group #; was group #</td></tr>
</table>
</body>
</html>
